<?xml version="1.0" encoding="UTF-8"?>
<!-- Generated by org.testng.reporters.JUnitXMLReporter -->
<testsuite ignored="2" hostname="LAPTOP-NAP26V5P" failures="0" tests="1" name="Test" time="41.993" errors="0" timestamp="2022-05-30T12:10:58 IST">
  <testcase classname="Regression.Test1" name="onsite" time="21.703"/>
  <testcase classname="Regression.Test2" name="onsite" time="0.0">
    <ignored/>
  </testcase> <!-- onsite -->
  <testcase classname="Regression.TestNG" name="run" time="0.0">
    <ignored/>
  </testcase> <!-- run -->
</testsuite> <!-- Test -->
