<?xml version="1.0" encoding="UTF-8"?>
<testng-results ignored="2" total="3" passed="1" failed="0" skipped="0">
  <reporter-output>
    <line>
      <![CDATA[Connect to the Site]]>
    </line>
    <line>
      <![CDATA[Site Opened]]>
    </line>
    <line>
      <![CDATA[Site cloased]]>
    </line>
    <line>
      <![CDATA[Dsiconnected from the site]]>
    </line>
  </reporter-output>
  <suite started-at="2022-05-30T12:10:16 IST" name="Suite" finished-at="2022-05-30T12:10:58 IST" duration-ms="41993">
    <groups>
      <group name="regression">
        <method signature="Test1.onsite()[pri:0, instance:Regression.Test1@78123e82]" name="onsite" class="Regression.Test1"/>
      </group> <!-- regression -->
    </groups>
    <test started-at="2022-05-30T12:10:16 IST" name="Test" finished-at="2022-05-30T12:10:58 IST" duration-ms="41993">
      <class name="Regression.Test1">
        <test-method is-config="true" signature="connect()[pri:0, instance:Regression.Test1@78123e82]" started-at="2022-05-30T12:10:16 IST" name="connect" finished-at="2022-05-30T12:10:16 IST" duration-ms="9" status="PASS">
          <reporter-output>
            <line>
              <![CDATA[Connect to the Site]]>
            </line>
          </reporter-output>
        </test-method> <!-- connect -->
        <test-method is-config="true" signature="openurl()[pri:0, instance:Regression.Test1@78123e82]" started-at="2022-05-30T12:10:16 IST" name="openurl" finished-at="2022-05-30T12:10:36 IST" duration-ms="20153" status="PASS">
          <reporter-output>
            <line>
              <![CDATA[Site Opened]]>
            </line>
          </reporter-output>
        </test-method> <!-- openurl -->
        <test-method signature="onsite()[pri:0, instance:Regression.Test1@78123e82]" started-at="2022-05-30T12:10:36 IST" name="onsite" finished-at="2022-05-30T12:10:58 IST" duration-ms="21703" status="PASS">
          <reporter-output>
          </reporter-output>
        </test-method> <!-- onsite -->
        <test-method is-config="true" signature="closeurl()[pri:0, instance:Regression.Test1@78123e82]" started-at="2022-05-30T12:10:58 IST" name="closeurl" finished-at="2022-05-30T12:10:58 IST" duration-ms="102" status="PASS">
          <reporter-output>
            <line>
              <![CDATA[Site cloased]]>
            </line>
          </reporter-output>
        </test-method> <!-- closeurl -->
        <test-method is-config="true" signature="disconnect()[pri:0, instance:Regression.Test1@78123e82]" started-at="2022-05-30T12:10:58 IST" name="disconnect" finished-at="2022-05-30T12:10:58 IST" duration-ms="0" status="PASS">
          <reporter-output>
            <line>
              <![CDATA[Dsiconnected from the site]]>
            </line>
          </reporter-output>
        </test-method> <!-- disconnect -->
      </class> <!-- Regression.Test1 -->
    </test> <!-- Test -->
  </suite> <!-- Suite -->
</testng-results>
